<?xml version="1.0" encoding="UTF-8"?>
<!-- Generated by org.testng.reporters.JUnitXMLReporter -->
<testsuite hostname="DESKTOP-6NNT9J4" ignored="0" name="Default test" tests="9" failures="0" timestamp="11 Dec 2016 19:39:30 GMT" time="58.041" errors="0">
  <testcase name="AddingWeatherKlipWithLocations" time="9.126" classname="com.example.test.TestKlips"/>
  <testcase name="AddingWeatherKlipWithLocations" time="3.103" classname="com.example.test.TestKlips"/>
  <testcase name="AddingWeatherKlipWithLocations" time="2.772" classname="com.example.test.TestKlips"/>
  <testcase name="googleKlips" time="6.583" classname="com.example.test.TestKlips"/>
  <testcase name="googleKlips" time="7.609" classname="com.example.test.TestKlips"/>
  <testcase name="googleKlips" time="6.814" classname="com.example.test.TestKlips"/>
  <testcase name="googleKlips" time="7.162" classname="com.example.test.TestKlips"/>
  <testcase name="moreKlips" time="7.317" classname="com.example.test.TestKlips"/>
  <testcase name="moreKlips" time="7.51" classname="com.example.test.TestKlips"/>
</testsuite> <!-- Default test -->
