<?xml version="1.0" encoding="UTF-8"?>
<!-- Generated by org.testng.reporters.JUnitXMLReporter -->
<testsuite hostname="DESKTOP-6NNT9J4" ignored="0" name="Default test" tests="8" failures="0" timestamp="11 Dec 2016 04:45:59 GMT" time="54.217" errors="0">
  <testcase name="AddingWeatherKlipWithLocations" time="8.869" classname="com.example.test.WeatherKlipWithLocations"/>
  <testcase name="AddingWeatherKlipWithLocations" time="2.316" classname="com.example.test.WeatherKlipWithLocations"/>
  <testcase name="googleKlips" time="7.072" classname="com.example.test.WeatherKlipWithLocations"/>
  <testcase name="googleKlips" time="7.405" classname="com.example.test.WeatherKlipWithLocations"/>
  <testcase name="googleKlips" time="7.022" classname="com.example.test.WeatherKlipWithLocations"/>
  <testcase name="googleKlips" time="7.048" classname="com.example.test.WeatherKlipWithLocations"/>
  <testcase name="moreKlips" time="6.931" classname="com.example.test.WeatherKlipWithLocations"/>
  <testcase name="moreKlips" time="7.514" classname="com.example.test.WeatherKlipWithLocations"/>
</testsuite> <!-- Default test -->
