<?xml version="1.0" encoding="UTF-8"?>
<!-- Generated by org.testng.reporters.JUnitXMLReporter -->
<testsuite hostname="DESKTOP-6NNT9J4" ignored="2" name="Adding Weather Klip with Location" tests="2" failures="2" timestamp="11 Dec 2016 03:14:25 GMT" time="0.05" errors="0">
  <testcase name="AddingWeatherKlipWithLocations" time="0.006" classname="com.example.test.TestKlips">
    <failure type="java.lang.NullPointerException">
      <![CDATA[java.lang.NullPointerException
	at com.example.test.TestKlips.AddingWeatherKlipWithLocations(WeatherKlipWithLocations.java:27)
... Removed 25 stack frames]]>
    </failure>
  </testcase> <!-- AddingWeatherKlipWithLocations -->
  <testcase name="AddingWeatherKlipWithLocations" time="0.002" classname="com.example.test.TestKlips">
    <failure type="java.lang.NullPointerException">
      <![CDATA[java.lang.NullPointerException
	at com.example.test.TestKlips.AddingWeatherKlipWithLocations(WeatherKlipWithLocations.java:27)
... Removed 25 stack frames]]>
    </failure>
  </testcase> <!-- AddingWeatherKlipWithLocations -->
  <testcase name="moreKlips" time="0.0" classname="com.example.test.TestKlips">
    <ignored/>
  </testcase> <!-- moreKlips -->
  <testcase name="googleKlips" time="0.0" classname="com.example.test.TestKlips">
    <ignored/>
  </testcase> <!-- googleKlips -->
</testsuite> <!-- Adding Weather Klip with Location -->
