<?xml version="1.0" encoding="UTF-8"?>
<!-- Generated by org.testng.reporters.JUnitXMLReporter -->
<testsuite hostname="DESKTOP-6NNT9J4" ignored="2" name="Adding Other Klips" tests="2" failures="2" timestamp="11 Dec 2016 03:14:25 GMT" time="0.009" errors="0">
  <testcase name="moreKlips" time="0.001" classname="com.example.test.WeatherKlipWithLocations">
    <failure type="java.lang.NullPointerException">
      <![CDATA[java.lang.NullPointerException
	at com.example.test.WeatherKlipWithLocations.moreKlips(WeatherKlipWithLocations.java:42)
... Removed 25 stack frames]]>
    </failure>
  </testcase> <!-- moreKlips -->
  <testcase name="moreKlips" time="0.001" classname="com.example.test.WeatherKlipWithLocations">
    <failure type="java.lang.NullPointerException">
      <![CDATA[java.lang.NullPointerException
	at com.example.test.WeatherKlipWithLocations.moreKlips(WeatherKlipWithLocations.java:42)
... Removed 25 stack frames]]>
    </failure>
  </testcase> <!-- moreKlips -->
  <testcase name="googleKlips" time="0.0" classname="com.example.test.WeatherKlipWithLocations">
    <ignored/>
  </testcase> <!-- googleKlips -->
  <testcase name="AddingWeatherKlipWithLocations" time="0.0" classname="com.example.test.WeatherKlipWithLocations">
    <ignored/>
  </testcase> <!-- AddingWeatherKlipWithLocations -->
</testsuite> <!-- Adding Other Klips -->
