<?xml version="1.0" encoding="UTF-8"?>
<!-- Generated by org.testng.reporters.JUnitXMLReporter -->
<testsuite hostname="DESKTOP-6NNT9J4" ignored="2" name="Adding Google and other Klips" tests="4" failures="2" timestamp="11 Dec 2016 03:14:35 GMT" time="10.225" errors="0">
  <testcase name="googleKlips" time="6.77" classname="com.example.test.WeatherKlipWithLocations"/>
  <testcase name="googleKlips" time="2.931" classname="com.example.test.WeatherKlipWithLocations"/>
  <testcase name="googleKlips" time="0.322" classname="com.example.test.WeatherKlipWithLocations">
    <failure type="org.openqa.selenium.WebDriverException" message="unknown error: Element is not clickable at point (74, 216). Other element would receive the click: &amp;lt;div id=&amp;quot;add-klip-highlight&amp;quot; class=&amp;quot;add-klip-highlight&amp;quot; style=&amp;quot;display: block; width: 527.618px; height: 447.618px; top: 213.191px; left: -10.8088px; opacity: 0.143825; overflow: hidden;&amp;quot;&amp;gt;&amp;lt;/div&amp;gt;
  (Session info: chrome=54.0.2840.99)
  (Driver info: chromedriver=2.24.417431 (9aea000394714d2fbb20850021f6204f2256b9cf),platform=Windows NT 10.0.14393 x86_64) (WARNING: The server did not provide any stacktrace information)
Command duration or timeout: 80 milliseconds
Build info: version: &amp;apos;3.0.1&amp;apos;, revision: &amp;apos;1969d75&amp;apos;, time: &amp;apos;2016-10-18 09:49:13 -0700&amp;apos;
System info: host: &amp;apos;DESKTOP-6NNT9J4&amp;apos;, ip: &amp;apos;192.168.0.11&amp;apos;, os.name: &amp;apos;Windows 10&amp;apos;, os.arch: &amp;apos;amd64&amp;apos;, os.version: &amp;apos;10.0&amp;apos;, java.version: &amp;apos;1.8.0_92&amp;apos;
Driver info: org.openqa.selenium.chrome.ChromeDriver
Capabilities [{applicationCacheEnabled=false, rotatable=false, mobileEmulationEnabled=false, networkConnectionEnabled=false, chrome={chromedriverVersion=2.24.417431 (9aea000394714d2fbb20850021f6204f2256b9cf), userDataDir=C:\Users\CHARAT~1\AppData\Local\Temp\scoped_dir9044_32690}, takesHeapSnapshot=true, pageLoadStrategy=normal, databaseEnabled=false, handlesAlerts=true, hasTouchScreen=false, version=54.0.2840.99, platform=XP, browserConnectionEnabled=false, nativeEvents=true, acceptSslCerts=true, locationContextEnabled=true, webStorageEnabled=true, browserName=chrome, takesScreenshot=true, javascriptEnabled=true, cssSelectorsEnabled=true}]
Session ID: e7df533c3923d1c4d1b4a2deb0b2e357">
      <![CDATA[org.openqa.selenium.WebDriverException: unknown error: Element is not clickable at point (74, 216). Other element would receive the click: <div id="add-klip-highlight" class="add-klip-highlight" style="display: block; width: 527.618px; height: 447.618px; top: 213.191px; left: -10.8088px; opacity: 0.143825; overflow: hidden;"></div>
  (Session info: chrome=54.0.2840.99)
  (Driver info: chromedriver=2.24.417431 (9aea000394714d2fbb20850021f6204f2256b9cf),platform=Windows NT 10.0.14393 x86_64) (WARNING: The server did not provide any stacktrace information)
Command duration or timeout: 80 milliseconds
Build info: version: '3.0.1', revision: '1969d75', time: '2016-10-18 09:49:13 -0700'
System info: host: 'DESKTOP-6NNT9J4', ip: '192.168.0.11', os.name: 'Windows 10', os.arch: 'amd64', os.version: '10.0', java.version: '1.8.0_92'
Driver info: org.openqa.selenium.chrome.ChromeDriver
Capabilities [{applicationCacheEnabled=false, rotatable=false, mobileEmulationEnabled=false, networkConnectionEnabled=false, chrome={chromedriverVersion=2.24.417431 (9aea000394714d2fbb20850021f6204f2256b9cf), userDataDir=C:\Users\CHARAT~1\AppData\Local\Temp\scoped_dir9044_32690}, takesHeapSnapshot=true, pageLoadStrategy=normal, databaseEnabled=false, handlesAlerts=true, hasTouchScreen=false, version=54.0.2840.99, platform=XP, browserConnectionEnabled=false, nativeEvents=true, acceptSslCerts=true, locationContextEnabled=true, webStorageEnabled=true, browserName=chrome, takesScreenshot=true, javascriptEnabled=true, cssSelectorsEnabled=true}]
Session ID: e7df533c3923d1c4d1b4a2deb0b2e357
	at org.openqa.selenium.remote.ErrorHandler.createThrowable(ErrorHandler.java:216)
	at org.openqa.selenium.remote.ErrorHandler.throwIfResponseFailed(ErrorHandler.java:168)
	at org.openqa.selenium.remote.RemoteWebDriver.execute(RemoteWebDriver.java:635)
	at org.openqa.selenium.remote.RemoteWebElement.execute(RemoteWebElement.java:274)
	at org.openqa.selenium.remote.RemoteWebElement.click(RemoteWebElement.java:84)
	at org.openqa.selenium.support.pagefactory.internal.LocatingElementHandler.invoke(LocatingElementHandler.java:51)
	at com.sun.proxy.$Proxy14.click(Unknown Source)
	at PageObjects.HomePageObject.addAKlipButton(HomePageObject.java:63)
	at com.example.test.TestClassNg.klipToBeAdded(TestClassNg.java:57)
	at com.example.test.WeatherKlipWithLocations.googleKlips(WeatherKlipWithLocations.java:56)
... Removed 33 stack frames]]>
    </failure>
  </testcase> <!-- googleKlips -->
  <testcase name="googleKlips" time="0.189" classname="com.example.test.WeatherKlipWithLocations">
    <failure type="org.openqa.selenium.WebDriverException" message="unknown error: Element is not clickable at point (74, 216). Other element would receive the click: &amp;lt;div id=&amp;quot;add-klip-highlight&amp;quot; class=&amp;quot;add-klip-highlight&amp;quot; style=&amp;quot;display: block; width: 542px; height: 462px; top: 206px; left: -17.9998px; opacity: 3.0213e-06; overflow: hidden;&amp;quot;&amp;gt;&amp;lt;/div&amp;gt;
  (Session info: chrome=54.0.2840.99)
  (Driver info: chromedriver=2.24.417431 (9aea000394714d2fbb20850021f6204f2256b9cf),platform=Windows NT 10.0.14393 x86_64) (WARNING: The server did not provide any stacktrace information)
Command duration or timeout: 46 milliseconds
Build info: version: &amp;apos;3.0.1&amp;apos;, revision: &amp;apos;1969d75&amp;apos;, time: &amp;apos;2016-10-18 09:49:13 -0700&amp;apos;
System info: host: &amp;apos;DESKTOP-6NNT9J4&amp;apos;, ip: &amp;apos;192.168.0.11&amp;apos;, os.name: &amp;apos;Windows 10&amp;apos;, os.arch: &amp;apos;amd64&amp;apos;, os.version: &amp;apos;10.0&amp;apos;, java.version: &amp;apos;1.8.0_92&amp;apos;
Driver info: org.openqa.selenium.chrome.ChromeDriver
Capabilities [{applicationCacheEnabled=false, rotatable=false, mobileEmulationEnabled=false, networkConnectionEnabled=false, chrome={chromedriverVersion=2.24.417431 (9aea000394714d2fbb20850021f6204f2256b9cf), userDataDir=C:\Users\CHARAT~1\AppData\Local\Temp\scoped_dir9044_32690}, takesHeapSnapshot=true, pageLoadStrategy=normal, databaseEnabled=false, handlesAlerts=true, hasTouchScreen=false, version=54.0.2840.99, platform=XP, browserConnectionEnabled=false, nativeEvents=true, acceptSslCerts=true, locationContextEnabled=true, webStorageEnabled=true, browserName=chrome, takesScreenshot=true, javascriptEnabled=true, cssSelectorsEnabled=true}]
Session ID: e7df533c3923d1c4d1b4a2deb0b2e357">
      <![CDATA[org.openqa.selenium.WebDriverException: unknown error: Element is not clickable at point (74, 216). Other element would receive the click: <div id="add-klip-highlight" class="add-klip-highlight" style="display: block; width: 542px; height: 462px; top: 206px; left: -17.9998px; opacity: 3.0213e-06; overflow: hidden;"></div>
  (Session info: chrome=54.0.2840.99)
  (Driver info: chromedriver=2.24.417431 (9aea000394714d2fbb20850021f6204f2256b9cf),platform=Windows NT 10.0.14393 x86_64) (WARNING: The server did not provide any stacktrace information)
Command duration or timeout: 46 milliseconds
Build info: version: '3.0.1', revision: '1969d75', time: '2016-10-18 09:49:13 -0700'
System info: host: 'DESKTOP-6NNT9J4', ip: '192.168.0.11', os.name: 'Windows 10', os.arch: 'amd64', os.version: '10.0', java.version: '1.8.0_92'
Driver info: org.openqa.selenium.chrome.ChromeDriver
Capabilities [{applicationCacheEnabled=false, rotatable=false, mobileEmulationEnabled=false, networkConnectionEnabled=false, chrome={chromedriverVersion=2.24.417431 (9aea000394714d2fbb20850021f6204f2256b9cf), userDataDir=C:\Users\CHARAT~1\AppData\Local\Temp\scoped_dir9044_32690}, takesHeapSnapshot=true, pageLoadStrategy=normal, databaseEnabled=false, handlesAlerts=true, hasTouchScreen=false, version=54.0.2840.99, platform=XP, browserConnectionEnabled=false, nativeEvents=true, acceptSslCerts=true, locationContextEnabled=true, webStorageEnabled=true, browserName=chrome, takesScreenshot=true, javascriptEnabled=true, cssSelectorsEnabled=true}]
Session ID: e7df533c3923d1c4d1b4a2deb0b2e357
	at org.openqa.selenium.remote.ErrorHandler.createThrowable(ErrorHandler.java:216)
	at org.openqa.selenium.remote.ErrorHandler.throwIfResponseFailed(ErrorHandler.java:168)
	at org.openqa.selenium.remote.RemoteWebDriver.execute(RemoteWebDriver.java:635)
	at org.openqa.selenium.remote.RemoteWebElement.execute(RemoteWebElement.java:274)
	at org.openqa.selenium.remote.RemoteWebElement.click(RemoteWebElement.java:84)
	at org.openqa.selenium.support.pagefactory.internal.LocatingElementHandler.invoke(LocatingElementHandler.java:51)
	at com.sun.proxy.$Proxy14.click(Unknown Source)
	at PageObjects.HomePageObject.addAKlipButton(HomePageObject.java:63)
	at com.example.test.TestClassNg.klipToBeAdded(TestClassNg.java:57)
	at com.example.test.WeatherKlipWithLocations.googleKlips(WeatherKlipWithLocations.java:56)
... Removed 33 stack frames]]>
    </failure>
  </testcase> <!-- googleKlips -->
  <testcase name="moreKlips" time="0.0" classname="com.example.test.WeatherKlipWithLocations">
    <ignored/>
  </testcase> <!-- moreKlips -->
  <testcase name="AddingWeatherKlipWithLocations" time="0.0" classname="com.example.test.WeatherKlipWithLocations">
    <ignored/>
  </testcase> <!-- AddingWeatherKlipWithLocations -->
</testsuite> <!-- Adding Google and other Klips -->
