<?xml version="1.0" encoding="UTF-8"?>
<!-- Generated by org.testng.reporters.JUnitXMLReporter -->
<testsuite hostname="DESKTOP-6NNT9J4" ignored="1" name="Test1" tests="7" failures="0" timestamp="10 Dec 2016 23:44:22 GMT" time="21.246" errors="0">
  <testcase name="createNewDashBoard" time="4.055" classname="com.example.test.TestClassNg"/>
  <testcase name="addingKlip" time="3.712" classname="com.example.test.TestClassNg"/>
  <testcase name="klipWithLocation" time="0.563" classname="com.example.test.TestClassNg"/>
  <testcase name="klipWithLocation" time="0.104" classname="com.example.test.TestClassNg"/>
  <testcase name="klipWithLocation" time="0.089" classname="com.example.test.TestClassNg"/>
  <testcase name="addKlip" time="0.086" classname="com.example.test.TestClassNg"/>
  <testcase name="confirmKlipAddition" time="1.163" classname="com.example.test.TestClassNg"/>
  <testcase name="addingKlip2" time="0.0" classname="com.example.test.TestClassNg">
    <ignored/>
  </testcase> <!-- addingKlip2 -->
</testsuite> <!-- Test1 -->
