<?xml version="1.0" encoding="UTF-8"?>
<!-- Generated by org.testng.reporters.JUnitXMLReporter -->
<testsuite hostname="DESKTOP-6NNT9J4" ignored="3" name="Test2" tests="3" failures="0" timestamp="10 Dec 2016 23:44:39 GMT" time="16.306" errors="0">
  <testcase name="createNewDashBoard" time="3.432" classname="com.example.test.TestClassNg"/>
  <testcase name="addingKlip2" time="3.865" classname="com.example.test.TestClassNg"/>
  <testcase name="confirmKlipAddition" time="1.548" classname="com.example.test.TestClassNg"/>
  <testcase name="addingKlip" time="0.0" classname="com.example.test.TestClassNg">
    <ignored/>
  </testcase> <!-- addingKlip -->
  <testcase name="addKlip" time="0.0" classname="com.example.test.TestClassNg">
    <ignored/>
  </testcase> <!-- addKlip -->
  <testcase name="klipWithLocation" time="0.0" classname="com.example.test.TestClassNg">
    <ignored/>
  </testcase> <!-- klipWithLocation -->
</testsuite> <!-- Test2 -->
