<?xml version="1.0" encoding="UTF-8"?>
<testng-results skipped="0" failed="0" ignored="0" total="8" passed="8">
  <reporter-output>
  </reporter-output>
  <suite name="Default suite" duration-ms="54217" started-at="2016-12-11T04:45:05Z" finished-at="2016-12-11T04:45:59Z">
    <groups>
    </groups>
    <test name="Default test" duration-ms="54217" started-at="2016-12-11T04:45:05Z" finished-at="2016-12-11T04:45:59Z">
      <class name="com.example.test.WeatherKlipWithLocations">
        <test-method status="PASS" signature="setUp()[pri:0, instance:com.example.test.WeatherKlipWithLocations@68bbe345]" name="setUp" is-config="true" duration-ms="10641" started-at="2016-12-10T23:44:54Z" finished-at="2016-12-10T23:45:05Z">
          <reporter-output>
          </reporter-output>
        </test-method> <!-- setUp -->
        <test-method status="PASS" signature="AddingWeatherKlipWithLocations(java.lang.String, java.lang.String, java.lang.String)[pri:0, instance:com.example.test.WeatherKlipWithLocations@68bbe345]" name="AddingWeatherKlipWithLocations" duration-ms="8869" started-at="2016-12-10T23:45:05Z" data-provider="fieldsInputs" finished-at="2016-12-10T23:45:14Z">
          <params>
            <param index="0">
              <value>
                <![CDATA[Toronto]]>
              </value>
            </param>
            <param index="1">
              <value>
                <![CDATA[Canada]]>
              </value>
            </param>
            <param index="2">
              <value>
                <![CDATA[Weather]]>
              </value>
            </param>
          </params>
          <reporter-output>
          </reporter-output>
        </test-method> <!-- AddingWeatherKlipWithLocations -->
        <test-method status="PASS" signature="AddingWeatherKlipWithLocations(java.lang.String, java.lang.String, java.lang.String)[pri:0, instance:com.example.test.WeatherKlipWithLocations@68bbe345]" name="AddingWeatherKlipWithLocations" duration-ms="2316" started-at="2016-12-10T23:45:14Z" data-provider="fieldsInputs" finished-at="2016-12-10T23:45:16Z">
          <params>
            <param index="0">
              <value>
                <![CDATA[Ottawa]]>
              </value>
            </param>
            <param index="1">
              <value>
                <![CDATA[Canada]]>
              </value>
            </param>
            <param index="2">
              <value>
                <![CDATA[Weather]]>
              </value>
            </param>
          </params>
          <reporter-output>
          </reporter-output>
        </test-method> <!-- AddingWeatherKlipWithLocations -->
        <test-method status="PASS" signature="googleKlips(java.lang.String)[pri:0, instance:com.example.test.WeatherKlipWithLocations@68bbe345]" name="googleKlips" duration-ms="7072" started-at="2016-12-10T23:45:16Z" data-provider="googleKlips" finished-at="2016-12-10T23:45:23Z">
          <params>
            <param index="0">
              <value>
                <![CDATA[Google AdWords]]>
              </value>
            </param>
          </params>
          <reporter-output>
          </reporter-output>
        </test-method> <!-- googleKlips -->
        <test-method status="PASS" signature="googleKlips(java.lang.String)[pri:0, instance:com.example.test.WeatherKlipWithLocations@68bbe345]" name="googleKlips" duration-ms="7405" started-at="2016-12-10T23:45:23Z" data-provider="googleKlips" finished-at="2016-12-10T23:45:30Z">
          <params>
            <param index="0">
              <value>
                <![CDATA[Google Analytics]]>
              </value>
            </param>
          </params>
          <reporter-output>
          </reporter-output>
        </test-method> <!-- googleKlips -->
        <test-method status="PASS" signature="googleKlips(java.lang.String)[pri:0, instance:com.example.test.WeatherKlipWithLocations@68bbe345]" name="googleKlips" duration-ms="7022" started-at="2016-12-10T23:45:30Z" data-provider="googleKlips" finished-at="2016-12-10T23:45:37Z">
          <params>
            <param index="0">
              <value>
                <![CDATA[Google Calendar]]>
              </value>
            </param>
          </params>
          <reporter-output>
          </reporter-output>
        </test-method> <!-- googleKlips -->
        <test-method status="PASS" signature="googleKlips(java.lang.String)[pri:0, instance:com.example.test.WeatherKlipWithLocations@68bbe345]" name="googleKlips" duration-ms="7048" started-at="2016-12-10T23:45:37Z" data-provider="googleKlips" finished-at="2016-12-10T23:45:44Z">
          <params>
            <param index="0">
              <value>
                <![CDATA[Google Search Console]]>
              </value>
            </param>
          </params>
          <reporter-output>
          </reporter-output>
        </test-method> <!-- googleKlips -->
        <test-method status="PASS" signature="moreKlips(java.lang.String)[pri:0, instance:com.example.test.WeatherKlipWithLocations@68bbe345]" name="moreKlips" duration-ms="6931" started-at="2016-12-10T23:45:44Z" data-provider="otherKlips" finished-at="2016-12-10T23:45:51Z">
          <params>
            <param index="0">
              <value>
                <![CDATA[RSS Feeds]]>
              </value>
            </param>
          </params>
          <reporter-output>
          </reporter-output>
        </test-method> <!-- moreKlips -->
        <test-method status="PASS" signature="moreKlips(java.lang.String)[pri:0, instance:com.example.test.WeatherKlipWithLocations@68bbe345]" name="moreKlips" duration-ms="7514" started-at="2016-12-10T23:45:51Z" data-provider="otherKlips" finished-at="2016-12-10T23:45:59Z">
          <params>
            <param index="0">
              <value>
                <![CDATA[Zapier]]>
              </value>
            </param>
          </params>
          <reporter-output>
          </reporter-output>
        </test-method> <!-- moreKlips -->
        <test-method status="PASS" signature="tearDown()[pri:0, instance:com.example.test.WeatherKlipWithLocations@68bbe345]" name="tearDown" is-config="true" duration-ms="2500" started-at="2016-12-10T23:45:59Z" finished-at="2016-12-10T23:46:01Z">
          <reporter-output>
          </reporter-output>
        </test-method> <!-- tearDown -->
      </class> <!-- com.example.test.WeatherKlipWithLocations -->
    </test> <!-- Default test -->
  </suite> <!-- Default suite -->
</testng-results>
