<?xml version="1.0" encoding="UTF-8"?>
<testng-results skipped="0" failed="0" ignored="0" total="9" passed="9">
  <reporter-output>
  </reporter-output>
  <suite name="Default suite" duration-ms="58041" started-at="2016-12-11T19:38:32Z" finished-at="2016-12-11T19:39:30Z">
    <groups>
    </groups>
    <test name="Default test" duration-ms="58041" started-at="2016-12-11T19:38:32Z" finished-at="2016-12-11T19:39:30Z">
      <class name="com.example.test.TestKlips">
        <test-method status="PASS" signature="setUp()[pri:0, instance:com.example.test.TestKlips@68bbe345]" name="setUp" is-config="true" duration-ms="15342" started-at="2016-12-11T14:38:17Z" finished-at="2016-12-11T14:38:32Z">
          <reporter-output>
          </reporter-output>
        </test-method> <!-- setUp -->
        <test-method status="PASS" signature="AddingWeatherKlipWithLocations(java.lang.String, java.lang.String, java.lang.String)[pri:0, instance:com.example.test.TestKlips@68bbe345]" name="AddingWeatherKlipWithLocations" duration-ms="9126" started-at="2016-12-11T14:38:32Z" data-provider="locationData" finished-at="2016-12-11T14:38:41Z">
          <params>
            <param index="0">
              <value>
                <![CDATA[Toronto]]>
              </value>
            </param>
            <param index="1">
              <value>
                <![CDATA[Canada]]>
              </value>
            </param>
            <param index="2">
              <value>
                <![CDATA[Weather]]>
              </value>
            </param>
          </params>
          <reporter-output>
          </reporter-output>
        </test-method> <!-- AddingWeatherKlipWithLocations -->
        <test-method status="PASS" signature="AddingWeatherKlipWithLocations(java.lang.String, java.lang.String, java.lang.String)[pri:0, instance:com.example.test.TestKlips@68bbe345]" name="AddingWeatherKlipWithLocations" duration-ms="3103" started-at="2016-12-11T14:38:41Z" data-provider="locationData" finished-at="2016-12-11T14:38:44Z">
          <params>
            <param index="0">
              <value>
                <![CDATA[Ottawa]]>
              </value>
            </param>
            <param index="1">
              <value>
                <![CDATA[Canada]]>
              </value>
            </param>
            <param index="2">
              <value>
                <![CDATA[Weather]]>
              </value>
            </param>
          </params>
          <reporter-output>
          </reporter-output>
        </test-method> <!-- AddingWeatherKlipWithLocations -->
        <test-method status="PASS" signature="AddingWeatherKlipWithLocations(java.lang.String, java.lang.String, java.lang.String)[pri:0, instance:com.example.test.TestKlips@68bbe345]" name="AddingWeatherKlipWithLocations" duration-ms="2772" started-at="2016-12-11T14:38:44Z" data-provider="locationData" finished-at="2016-12-11T14:38:47Z">
          <params>
            <param index="0">
              <value>
                <![CDATA[Montreal]]>
              </value>
            </param>
            <param index="1">
              <value>
                <![CDATA[Canada]]>
              </value>
            </param>
            <param index="2">
              <value>
                <![CDATA[Weather]]>
              </value>
            </param>
          </params>
          <reporter-output>
          </reporter-output>
        </test-method> <!-- AddingWeatherKlipWithLocations -->
        <test-method status="PASS" signature="googleKlips(java.lang.String)[pri:0, instance:com.example.test.TestKlips@68bbe345]" name="googleKlips" duration-ms="6583" started-at="2016-12-11T14:38:47Z" data-provider="googleKlips" finished-at="2016-12-11T14:38:54Z">
          <params>
            <param index="0">
              <value>
                <![CDATA[Google AdWords]]>
              </value>
            </param>
          </params>
          <reporter-output>
          </reporter-output>
        </test-method> <!-- googleKlips -->
        <test-method status="PASS" signature="googleKlips(java.lang.String)[pri:0, instance:com.example.test.TestKlips@68bbe345]" name="googleKlips" duration-ms="7609" started-at="2016-12-11T14:38:54Z" data-provider="googleKlips" finished-at="2016-12-11T14:39:01Z">
          <params>
            <param index="0">
              <value>
                <![CDATA[Google Analytics]]>
              </value>
            </param>
          </params>
          <reporter-output>
          </reporter-output>
        </test-method> <!-- googleKlips -->
        <test-method status="PASS" signature="googleKlips(java.lang.String)[pri:0, instance:com.example.test.TestKlips@68bbe345]" name="googleKlips" duration-ms="6814" started-at="2016-12-11T14:39:01Z" data-provider="googleKlips" finished-at="2016-12-11T14:39:08Z">
          <params>
            <param index="0">
              <value>
                <![CDATA[Google Calendar]]>
              </value>
            </param>
          </params>
          <reporter-output>
          </reporter-output>
        </test-method> <!-- googleKlips -->
        <test-method status="PASS" signature="googleKlips(java.lang.String)[pri:0, instance:com.example.test.TestKlips@68bbe345]" name="googleKlips" duration-ms="7162" started-at="2016-12-11T14:39:08Z" data-provider="googleKlips" finished-at="2016-12-11T14:39:15Z">
          <params>
            <param index="0">
              <value>
                <![CDATA[Google Search Console]]>
              </value>
            </param>
          </params>
          <reporter-output>
          </reporter-output>
        </test-method> <!-- googleKlips -->
        <test-method status="PASS" signature="moreKlips(java.lang.String)[pri:0, instance:com.example.test.TestKlips@68bbe345]" name="moreKlips" duration-ms="7317" started-at="2016-12-11T14:39:15Z" data-provider="otherKlips" finished-at="2016-12-11T14:39:23Z">
          <params>
            <param index="0">
              <value>
                <![CDATA[RSS Feeds]]>
              </value>
            </param>
          </params>
          <reporter-output>
          </reporter-output>
        </test-method> <!-- moreKlips -->
        <test-method status="PASS" signature="moreKlips(java.lang.String)[pri:0, instance:com.example.test.TestKlips@68bbe345]" name="moreKlips" duration-ms="7510" started-at="2016-12-11T14:39:23Z" data-provider="otherKlips" finished-at="2016-12-11T14:39:30Z">
          <params>
            <param index="0">
              <value>
                <![CDATA[Zapier]]>
              </value>
            </param>
          </params>
          <reporter-output>
          </reporter-output>
        </test-method> <!-- moreKlips -->
        <test-method status="PASS" signature="tearDown()[pri:0, instance:com.example.test.TestKlips@68bbe345]" name="tearDown" is-config="true" duration-ms="2263" started-at="2016-12-11T14:39:30Z" finished-at="2016-12-11T14:39:32Z">
          <reporter-output>
          </reporter-output>
        </test-method> <!-- tearDown -->
      </class> <!-- com.example.test.TestKlips -->
    </test> <!-- Default test -->
  </suite> <!-- Default suite -->
</testng-results>
